2025-04-04 09:38:47.478062 - Received CBT.V508.FILE432.PDS from FILE432.XMI 
2025-04-04 09:38:47.480246 - Found $$$#DATE.txt (text/plain) in CBT.V508.FILE432.PDS, moved to PDS/$$$#DATE
2025-04-04 09:38:47.480423 - Found $$DOC.txt (text/plain) in CBT.V508.FILE432.PDS, moved to PDS/$$DOC
2025-04-04 09:38:47.480564 - Found $$XEPHON.txt (text/plain) in CBT.V508.FILE432.PDS, moved to PDS/$$XEPHON
2025-04-04 09:38:47.480694 - Found $UPD2000.txt (text/plain) in CBT.V508.FILE432.PDS, moved to PDS/$UPD2000
2025-04-04 09:38:47.480859 - Found @FILE432.txt (text/plain) in CBT.V508.FILE432.PDS, moved to PDS/@FILE432
2025-04-04 09:38:47.480988 - Found ALLSTOP.txt (text/plain) in CBT.V508.FILE432.PDS, moved to PDS/ALLSTOP
2025-04-04 09:38:47.481136 - Found ALLSTOPG.jcl (text/plain) in CBT.V508.FILE432.PDS, moved to PDS/ALLSTOPG
2025-04-04 09:38:47.481260 - Found ALLSTOPJ.jcl (text/plain) in CBT.V508.FILE432.PDS, moved to PDS/ALLSTOPJ
2025-04-04 09:38:47.481379 - Found ALLSTOP6.txt (text/plain) in CBT.V508.FILE432.PDS, moved to PDS/ALLSTOP6
2025-04-04 09:38:47.481511 - Found ANALJCL.jcl (text/plain) in CBT.V508.FILE432.PDS, moved to PDS/ANALJCL
2025-04-04 09:38:47.481640 - Found ANALJCLR.rexx (text/plain) in CBT.V508.FILE432.PDS, moved to PDS/ANALJCLR
2025-04-04 09:38:47.481754 - Found ASCBS.rexx (text/plain) in CBT.V508.FILE432.PDS, moved to PDS/ASCBS
2025-04-04 09:38:47.481875 - Found CONSOLE.txt (text/plain) in CBT.V508.FILE432.PDS, moved to PDS/CONSOLE
2025-04-04 09:38:47.482016 - Found CONSOLEP.txt (text/plain) in CBT.V508.FILE432.PDS, moved to PDS/CONSOLEP
2025-04-04 09:38:47.482147 - Found CONVERT.txt (text/plain) in CBT.V508.FILE432.PDS, moved to PDS/CONVERT
2025-04-04 09:38:47.482264 - Found CONVRTP.rexx (text/plain) in CBT.V508.FILE432.PDS, moved to PDS/CONVRTP
2025-04-04 09:38:47.482394 - Found ERASETP.txt (text/plain) in CBT.V508.FILE432.PDS, moved to PDS/ERASETP
2025-04-04 09:38:47.482531 - Found EXEMPLES.txt (text/plain) in CBT.V508.FILE432.PDS, moved to PDS/EXEMPLES
2025-04-04 09:38:47.482659 - Found EXP.rexx (text/plain) in CBT.V508.FILE432.PDS, moved to PDS/EXP
2025-04-04 09:38:47.482783 - Found EXTEND.txt (text/plain) in CBT.V508.FILE432.PDS, moved to PDS/EXTEND
2025-04-04 09:38:47.482919 - Found ICHPWX01.txt (text/plain) in CBT.V508.FILE432.PDS, moved to PDS/ICHPWX01
2025-04-04 09:38:47.483042 - Found IGGPRE00.txt (text/plain) in CBT.V508.FILE432.PDS, moved to PDS/IGGPRE00
2025-04-04 09:38:47.483173 - Found INTERCPT.bin (application/octet-stream) in CBT.V508.FILE432.PDS, moved to PDS/INTERCPT
2025-04-04 09:38:47.483310 - Found IRA200E.txt (text/plain) in CBT.V508.FILE432.PDS, moved to PDS/IRA200E
2025-04-04 09:38:47.483432 - Found JESLESS.txt (text/plain) in CBT.V508.FILE432.PDS, moved to PDS/JESLESS
2025-04-04 09:38:47.483549 - Found LISTSMS.txt (text/plain) in CBT.V508.FILE432.PDS, moved to PDS/LISTSMS
2025-04-04 09:38:47.483660 - Found LISTVT.rexx (text/plain) in CBT.V508.FILE432.PDS, moved to PDS/LISTVT
2025-04-04 09:38:47.483774 - Found LISTVTOC.jcl (text/plain) in CBT.V508.FILE432.PDS, moved to PDS/LISTVTOC
2025-04-04 09:38:47.483916 - Found MGDOS.bin (application/octet-stream) in CBT.V508.FILE432.PDS, moved to PDS/MGDOS
2025-04-04 09:38:47.484292 - Found MGWIN.bin (application/octet-stream) in CBT.V508.FILE432.PDS, moved to PDS/MGWIN
2025-04-04 09:38:47.484427 - Found MINIFRAN.bin (application/octet-stream) in CBT.V508.FILE432.PDS, moved to PDS/MINIFRAN
2025-04-04 09:38:47.484546 - Found MINISYST.bin (application/octet-stream) in CBT.V508.FILE432.PDS, moved to PDS/MINISYST
2025-04-04 09:38:47.484705 - Found MVSCMD.txt (text/plain) in CBT.V508.FILE432.PDS, moved to PDS/MVSCMD
2025-04-04 09:38:47.484821 - Found PADS.rexx (text/plain) in CBT.V508.FILE432.PDS, moved to PDS/PADS
2025-04-04 09:38:47.484943 - Found PREMIER.txt (text/plain) in CBT.V508.FILE432.PDS, moved to PDS/PREMIER
2025-04-04 09:38:47.485066 - Found PRINTHX.txt (text/plain) in CBT.V508.FILE432.PDS, moved to PDS/PRINTHX
2025-04-04 09:38:47.485187 - Found PROLOG.txt (text/plain) in CBT.V508.FILE432.PDS, moved to PDS/PROLOG
2025-04-04 09:38:47.485350 - Found PTKT.bin (application/octet-stream) in CBT.V508.FILE432.PDS, moved to PDS/PTKT
2025-04-04 09:38:47.485467 - Found RACFCHCK.txt (text/plain) in CBT.V508.FILE432.PDS, moved to PDS/RACFCHCK
2025-04-04 09:38:47.485589 - Found RACFMOVE.txt (text/plain) in CBT.V508.FILE432.PDS, moved to PDS/RACFMOVE
2025-04-04 09:38:47.485721 - Found SHOWLPAR.txt (text/plain) in CBT.V508.FILE432.PDS, moved to PDS/SHOWLPAR
2025-04-04 09:38:47.485877 - Found SHOWMVS.bin (application/octet-stream) in CBT.V508.FILE432.PDS, moved to PDS/SHOWMVS
2025-04-04 09:38:47.485988 - Found SMFJOBS.txt (text/plain) in CBT.V508.FILE432.PDS, moved to PDS/SMFJOBS
2025-04-04 09:38:47.486099 - Found SRMSHOW.txt (text/plain) in CBT.V508.FILE432.PDS, moved to PDS/SRMSHOW
2025-04-04 09:38:47.486218 - Found SUSEC.rexx (text/plain) in CBT.V508.FILE432.PDS, moved to PDS/SUSEC
2025-04-04 09:38:47.486339 - Found SVC235.txt (text/plain) in CBT.V508.FILE432.PDS, moved to PDS/SVC235
2025-04-04 09:38:47.486469 - Found TPUTXMAS.txt (text/plain) in CBT.V508.FILE432.PDS, moved to PDS/TPUTXMAS
2025-04-04 09:38:47.486589 - Found VTOCR.txt (text/plain) in CBT.V508.FILE432.PDS, moved to PDS/VTOCR
2025-04-04 09:38:47.486710 - Found VTOCR$$.txt (text/plain) in CBT.V508.FILE432.PDS, moved to PDS/VTOCR$$
2025-04-04 09:38:47.486843 - Found VTOCREA$.jcl (text/plain) in CBT.V508.FILE432.PDS, moved to PDS/VTOCREA$
2025-04-04 09:38:47.486973 - Found VTOCREAD.txt (text/plain) in CBT.V508.FILE432.PDS, moved to PDS/VTOCREAD
2025-04-04 09:38:47.487243 - Found VTOCR1.txt (text/plain) in CBT.V508.FILE432.PDS, moved to PDS/VTOCR1
2025-04-04 09:38:47.487375 - Found VTOCZAP.bin (application/octet-stream) in CBT.V508.FILE432.PDS, moved to PDS/VTOCZAP
2025-04-04 09:38:47.487567 - Found WEAKPASS.txt (text/plain) in CBT.V508.FILE432.PDS, moved to PDS/WEAKPASS
2025-04-04 09:38:47.487749 - Found WTOPUT.txt (text/plain) in CBT.V508.FILE432.PDS, moved to PDS/WTOPUT
2025-04-04 09:38:47.487885 - Found XTOD.txt (text/plain) in CBT.V508.FILE432.PDS, moved to PDS/XTOD
